TN:
SF:src\services\slices\authSlice.ts
FN:24,(anonymous_13)
FN:24,(anonymous_14)
FN:35,(anonymous_16)
FN:35,(anonymous_17)
FN:57,(anonymous_19)
FN:57,(anonymous_20)
FN:79,(anonymous_22)
FN:79,(anonymous_23)
FN:95,(anonymous_25)
FN:99,(anonymous_26)
FN:103,(anonymous_27)
FN:107,(anonymous_28)
FN:109,(anonymous_29)
FN:113,(anonymous_30)
FN:117,(anonymous_31)
FN:121,(anonymous_32)
FN:126,(anonymous_33)
FN:130,(anonymous_34)
FN:135,(anonymous_35)
FN:139,(anonymous_36)
FNF:20
FNH:20
FNDA:2,(anonymous_13)
FNDA:2,(anonymous_14)
FNDA:4,(anonymous_16)
FNDA:4,(anonymous_17)
FNDA:2,(anonymous_19)
FNDA:2,(anonymous_20)
FNDA:2,(anonymous_22)
FNDA:2,(anonymous_23)
FNDA:1,(anonymous_25)
FNDA:1,(anonymous_26)
FNDA:1,(anonymous_27)
FNDA:1,(anonymous_28)
FNDA:1,(anonymous_29)
FNDA:1,(anonymous_30)
FNDA:1,(anonymous_31)
FNDA:3,(anonymous_32)
FNDA:1,(anonymous_33)
FNDA:2,(anonymous_34)
FNDA:1,(anonymous_35)
FNDA:2,(anonymous_36)
DA:1,1
DA:3,1
DA:4,1
DA:5,1
DA:6,1
DA:8,1
DA:16,1
DA:22,1
DA:24,2
DA:26,2
DA:27,1
DA:29,1
DA:33,1
DA:35,4
DA:37,4
DA:38,2
DA:39,2
DA:40,2
DA:43,2
DA:44,2
DA:46,2
DA:47,2
DA:48,2
DA:50,2
DA:55,1
DA:57,2
DA:59,2
DA:61,1
DA:62,1
DA:66,1
DA:67,1
DA:68,1
DA:70,1
DA:72,1
DA:77,1
DA:79,2
DA:81,4
DA:82,1
DA:83,1
DA:84,1
DA:86,1
DA:91,1
DA:96,1
DA:97,1
DA:100,1
DA:101,1
DA:104,1
DA:108,1
DA:110,1
DA:111,1
DA:114,1
DA:115,1
DA:118,1
DA:119,1
DA:122,3
DA:123,3
DA:124,3
DA:127,1
DA:128,1
DA:131,2
DA:132,2
DA:133,2
DA:136,1
DA:137,1
DA:140,2
DA:141,2
DA:142,2
DA:147,1
DA:148,1
LF:69
LH:69
BRDA:38,0,0,2
BRDA:40,1,0,1
BRDA:40,1,1,1
BRDA:46,2,0,2
BRDA:50,3,0,2
BRDA:50,3,1,1
BRDA:62,4,0,1
BRDA:62,4,1,0
BRDA:72,5,0,1
BRDA:72,5,1,1
BRF:10
BRH:9
end_of_record
TN:
SF:src\services\slices\burgerSlice.ts
FN:32,(anonymous_16)
FN:42,(anonymous_19)
FN:54,(anonymous_20)
FN:57,(anonymous_21)
FN:60,(anonymous_22)
FN:70,(anonymous_23)
FN:77,(anonymous_24)
FN:79,(anonymous_25)
FN:83,(anonymous_26)
FN:87,(anonymous_27)
FNF:10
FNH:10
FNDA:4,(anonymous_16)
FNDA:2,(anonymous_19)
FNDA:1,(anonymous_20)
FNDA:2,(anonymous_21)
FNDA:1,(anonymous_22)
FNDA:1,(anonymous_23)
FNDA:1,(anonymous_24)
FNDA:1,(anonymous_25)
FNDA:1,(anonymous_26)
FNDA:5,(anonymous_27)
DA:1,1
DA:8,1
DA:20,1
DA:30,1
DA:32,2
DA:33,2
DA:34,1
DA:38,1
DA:43,2
DA:44,2
DA:45,1
DA:47,1
DA:55,1
DA:57,2
DA:64,1
DA:65,1
DA:66,1
DA:67,1
DA:68,1
DA:71,1
DA:78,1
DA:80,1
DA:81,1
DA:84,1
DA:85,1
DA:88,5
DA:89,5
DA:95,1
DA:101,1
LF:29
LH:29
BRDA:33,0,0,2
BRDA:44,1,0,1
BRDA:44,1,1,1
BRDA:89,2,0,5
BRDA:89,2,1,4
BRDA:89,3,0,1
BRDA:89,3,1,4
BRDA:89,4,0,5
BRDA:89,4,1,5
BRF:9
BRH:9
end_of_record
TN:
SF:src\services\slices\constructorSlice.ts
FN:19,(anonymous_2)
FN:26,(anonymous_3)
FN:34,(anonymous_4)
FN:37,(anonymous_5)
FN:46,(anonymous_6)
FNF:5
FNH:5
FNDA:1,(anonymous_2)
FNDA:1,(anonymous_3)
FNDA:1,(anonymous_4)
FNDA:1,(anonymous_5)
FNDA:1,(anonymous_6)
DA:1,1
DA:2,1
DA:10,1
DA:15,1
DA:20,1
DA:27,1
DA:32,1
DA:35,1
DA:41,1
DA:42,1
DA:43,1
DA:44,1
DA:47,1
DA:48,1
DA:54,1
DA:61,1
LF:16
LH:16
BRF:0
BRH:0
end_of_record
TN:
SF:src\services\slices\feedSlice.ts
FN:23,(anonymous_0)
FN:26,(anonymous_1)
FN:29,(anonymous_2)
FNF:3
FNH:3
FNDA:1,(anonymous_0)
FNDA:1,(anonymous_1)
FNDA:1,(anonymous_2)
DA:1,1
DA:12,1
DA:19,1
DA:24,1
DA:27,1
DA:37,1
DA:38,1
DA:39,1
DA:44,1
DA:47,1
LF:10
LH:10
BRF:0
BRH:0
end_of_record
TN:
SF:src\services\slices\ingredientsSlice.ts
FN:31,(anonymous_13)
FN:31,(anonymous_14)
FN:51,(anonymous_16)
FN:53,(anonymous_17)
FN:57,(anonymous_18)
FN:61,(anonymous_19)
FNF:6
FNH:6
FNDA:5,(anonymous_13)
FNDA:5,(anonymous_14)
FNDA:1,(anonymous_16)
FNDA:1,(anonymous_17)
FNDA:1,(anonymous_18)
FNDA:1,(anonymous_19)
DA:1,1
DA:23,1
DA:29,1
DA:31,5
DA:33,5
DA:36,4
DA:37,4
DA:38,3
DA:40,1
DA:42,1
DA:47,1
DA:52,1
DA:54,1
DA:55,1
DA:58,1
DA:59,1
DA:62,1
DA:63,1
DA:68,1
LF:19
LH:19
BRDA:37,0,0,3
BRDA:38,1,0,3
BRDA:38,1,1,1
BRF:3
BRH:3
end_of_record
TN:
SF:src\services\slices\orderSlice.ts
FN:21,(anonymous_13)
FN:21,(anonymous_14)
FN:34,(anonymous_16)
FN:39,(anonymous_17)
FN:41,(anonymous_18)
FN:45,(anonymous_19)
FN:49,(anonymous_20)
FNF:7
FNH:7
FNDA:3,(anonymous_13)
FNDA:3,(anonymous_14)
FNDA:1,(anonymous_16)
FNDA:1,(anonymous_17)
FNDA:1,(anonymous_18)
FNDA:1,(anonymous_19)
FNDA:2,(anonymous_20)
DA:1,1
DA:2,1
DA:11,1
DA:17,1
DA:21,3
DA:23,3
DA:24,1
DA:26,2
DA:30,1
DA:35,1
DA:36,1
DA:40,1
DA:42,1
DA:43,1
DA:46,1
DA:47,1
DA:50,2
DA:51,2
DA:56,1
DA:57,1
LF:20
LH:20
BRDA:26,0,0,2
BRDA:26,0,1,1
BRDA:51,1,0,2
BRDA:51,1,1,1
BRF:4
BRH:4
end_of_record
TN:
SF:src\utils\burger-api.ts
FN:6,getAuthHeaders
FN:11,(anonymous_16)
FN:12,(anonymous_17)
FN:23,(anonymous_18)
FN:35,(anonymous_19)
FN:36,(anonymous_20)
FN:54,(anonymous_21)
FN:56,(anonymous_22)
FN:89,(anonymous_24)
FN:91,(anonymous_25)
FN:92,(anonymous_26)
FN:97,(anonymous_27)
FN:99,(anonymous_28)
FN:100,(anonymous_29)
FN:105,(anonymous_30)
FN:114,(anonymous_31)
FN:125,(anonymous_32)
FN:135,(anonymous_33)
FN:145,(anonymous_34)
FN:175,(anonymous_35)
FN:183,(anonymous_36)
FN:184,(anonymous_37)
FN:194,(anonymous_38)
FN:202,(anonymous_39)
FN:203,(anonymous_40)
FN:208,(anonymous_41)
FN:216,(anonymous_42)
FN:217,(anonymous_43)
FN:222,(anonymous_44)
FN:230,(anonymous_45)
FN:231,(anonymous_46)
FN:238,(anonymous_47)
FN:238,(anonymous_48)
FN:254,(anonymous_50)
FN:264,(anonymous_51)
FN:270,(anonymous_52)
FN:280,(anonymous_53)
FN:281,(anonymous_54)
FNF:38
FNH:38
FNDA:13,getAuthHeaders
FNDA:44,(anonymous_16)
FNDA:3,(anonymous_17)
FNDA:5,(anonymous_18)
FNDA:4,(anonymous_19)
FNDA:4,(anonymous_20)
FNDA:16,(anonymous_21)
FNDA:16,(anonymous_22)
FNDA:3,(anonymous_24)
FNDA:3,(anonymous_25)
FNDA:3,(anonymous_26)
FNDA:3,(anonymous_27)
FNDA:3,(anonymous_28)
FNDA:3,(anonymous_29)
FNDA:3,(anonymous_30)
FNDA:3,(anonymous_31)
FNDA:2,(anonymous_32)
FNDA:2,(anonymous_33)
FNDA:3,(anonymous_34)
FNDA:3,(anonymous_35)
FNDA:3,(anonymous_36)
FNDA:3,(anonymous_37)
FNDA:3,(anonymous_38)
FNDA:3,(anonymous_39)
FNDA:3,(anonymous_40)
FNDA:3,(anonymous_41)
FNDA:3,(anonymous_42)
FNDA:3,(anonymous_43)
FNDA:3,(anonymous_44)
FNDA:3,(anonymous_45)
FNDA:3,(anonymous_46)
FNDA:2,(anonymous_47)
FNDA:2,(anonymous_48)
FNDA:3,(anonymous_50)
FNDA:3,(anonymous_51)
FNDA:3,(anonymous_52)
FNDA:3,(anonymous_53)
FNDA:3,(anonymous_54)
DA:1,4
DA:4,4
DA:6,4
DA:7,13
DA:8,13
DA:11,4
DA:12,44
DA:23,4
DA:24,5
DA:25,5
DA:26,1
DA:28,4
DA:35,4
DA:37,4
DA:38,1
DA:40,3
DA:42,3
DA:43,3
DA:47,1
DA:49,3
DA:50,3
DA:54,4
DA:56,16
DA:59,16
DA:60,16
DA:62,3
DA:63,1
DA:64,1
DA:65,1
DA:68,1
DA:69,1
DA:71,1
DA:89,4
DA:90,3
DA:91,3
DA:93,3
DA:94,2
DA:97,4
DA:98,3
DA:99,3
DA:101,3
DA:102,1
DA:105,4
DA:106,3
DA:111,3
DA:115,3
DA:116,1
DA:125,4
DA:126,2
DA:131,2
DA:136,2
DA:137,1
DA:145,4
DA:147,5
DA:149,3
DA:153,3
DA:154,1
DA:157,3
DA:175,4
DA:176,3
DA:183,3
DA:185,3
DA:186,2
DA:194,4
DA:195,3
DA:202,3
DA:204,3
DA:205,2
DA:208,4
DA:209,3
DA:216,3
DA:218,3
DA:219,2
DA:222,4
DA:223,3
DA:230,3
DA:232,3
DA:233,2
DA:238,6
DA:239,2
DA:243,2
DA:247,2
DA:248,1
DA:251,1
DA:254,4
DA:255,3
DA:260,3
DA:265,3
DA:266,2
DA:270,4
DA:271,3
DA:280,3
DA:282,3
DA:283,1
DA:284,1
DA:286,3
LF:96
LH:96
BRDA:8,0,0,1
BRDA:8,0,1,12
BRDA:12,1,0,41
BRDA:12,1,1,3
BRDA:25,2,0,1
BRDA:37,3,0,1
BRDA:43,4,0,1
BRDA:44,5,0,3
BRDA:44,5,1,2
BRDA:60,6,0,16
BRDA:60,6,1,1
BRDA:60,6,2,1
BRDA:62,7,0,1
BRDA:64,8,0,1
BRDA:93,9,0,1
BRDA:93,10,0,0
BRDA:93,10,1,3
BRDA:93,11,0,3
BRDA:93,11,1,3
BRDA:101,12,0,2
BRDA:101,13,0,0
BRDA:101,13,1,3
BRDA:101,14,0,3
BRDA:101,14,1,3
BRDA:115,15,0,2
BRDA:115,16,0,0
BRDA:115,16,1,3
BRDA:115,17,0,3
BRDA:115,17,1,3
BRDA:136,18,0,1
BRDA:136,19,0,0
BRDA:136,19,1,2
BRDA:136,20,0,2
BRDA:136,20,1,2
BRDA:147,21,0,2
BRDA:153,22,0,1
BRDA:185,23,0,1
BRDA:185,24,0,0
BRDA:185,24,1,3
BRDA:185,25,0,3
BRDA:185,25,1,3
BRDA:204,26,0,1
BRDA:204,27,0,0
BRDA:204,27,1,3
BRDA:204,28,0,3
BRDA:204,28,1,3
BRDA:218,29,0,1
BRDA:218,30,0,0
BRDA:218,30,1,3
BRDA:218,31,0,3
BRDA:218,31,1,3
BRDA:232,32,0,1
BRDA:232,33,0,0
BRDA:232,33,1,3
BRDA:232,34,0,3
BRDA:232,34,1,3
BRDA:247,35,0,1
BRDA:265,36,0,1
BRDA:265,37,0,0
BRDA:265,37,1,3
BRDA:265,38,0,3
BRDA:265,38,1,3
BRDA:282,39,0,1
BRF:63
BRH:54
end_of_record
TN:
SF:src\utils\cookie.ts
FN:1,getCookie
FN:12,setCookie
FN:45,deleteCookie
FNF:3
FNH:3
FNDA:2,getCookie
FNDA:4,setCookie
FNDA:1,deleteCookie
DA:1,5
DA:2,2
DA:9,2
DA:12,5
DA:15,6
DA:17,4
DA:18,4
DA:23,4
DA:24,4
DA:25,2
DA:26,2
DA:27,2
DA:30,4
DA:31,2
DA:33,4
DA:34,4
DA:35,4
DA:36,6
DA:37,6
DA:38,6
DA:39,6
DA:42,4
DA:45,5
DA:46,1
LF:24
LH:24
BRDA:9,0,0,1
BRDA:9,0,1,1
BRDA:15,1,0,2
BRDA:24,2,0,2
BRDA:24,3,0,4
BRDA:24,3,1,2
BRDA:30,4,0,2
BRDA:30,5,0,4
BRDA:30,5,1,2
BRDA:38,6,0,6
BRF:10
BRH:10
end_of_record
